<?xml version="1.0" encoding="UTF-8"?>
<!-- Generated by org.testng.reporters.JUnitReportReporter -->
<testsuite hostname="DESKTOP-4CLOCJU" failures="0" tests="1" name="Runner.Test_Runner" time="51.633" errors="0" timestamp="2 May 2021 06:54:41 GMT">
  <testcase classname="Runner.Test_Runner" name="runScenario" time="51.633"/>
</testsuite> <!-- Runner.Test_Runner -->
